2016-01-09 01:42:14 Error: [MissingControllerException] Controller class CorreosController could not be found.
Exception Attributes: array (
  'class' => 'CorreosController',
  'plugin' => NULL,
)
Request URL: /correos
Stack Trace:
#0 /home/ubuntu/workspace/app/webroot/index.php(111): Dispatcher->dispatch(Object(CakeRequest), Object(CakeResponse))
#1 {main}
2016-01-09 22:03:06 Error: [MissingControllerException] Controller class SedesController could not be found.
Exception Attributes: array (
  'class' => 'SedesController',
  'plugin' => NULL,
)
Request URL: /sedes/add
Stack Trace:
#0 /home/ubuntu/workspace/app/webroot/index.php(111): Dispatcher->dispatch(Object(CakeRequest), Object(CakeResponse))
#1 {main}
2016-01-10 03:58:51 Error: [MissingControllerException] Controller class EmpresasPersonasController could not be found.
Exception Attributes: array (
  'class' => 'EmpresasPersonasController',
  'plugin' => NULL,
)
Request URL: /empresas_personas
Stack Trace:
#0 /home/ubuntu/workspace/app/webroot/index.php(111): Dispatcher->dispatch(Object(CakeRequest), Object(CakeResponse))
#1 {main}
2016-01-11 02:18:53 Error: [MissingControllerException] Controller class CaracterisutcasSeedesController could not be found.
Exception Attributes: array (
  'class' => 'CaracterisutcasSeedesController',
  'plugin' => NULL,
)
Request URL: /CaracterisutcasSeedes
Stack Trace:
#0 /home/ubuntu/workspace/app/webroot/index.php(111): Dispatcher->dispatch(Object(CakeRequest), Object(CakeResponse))
#1 {main}
